<?xml version="1.0" encoding="UTF-8"?>
<testsuite name="wikiTest.WikiTest" tests="1" skipped="0" failures="0" errors="0" timestamp="2019-09-22T20:40:28" hostname="DESKTOP-IUD2MJC" time="59.61">
  <properties/>
  <testcase name="searchPenTest" classname="wikiTest.WikiTest" time="59.61"/>
  <system-out><![CDATA[]]></system-out>
  <system-err><![CDATA[Starting ChromeDriver 76.0.3809.68 (420c9498db8ce8fcd190a954d51297672c1515d5-refs/branch-heads/3809@{#864}) on port 34659
Only local connections are allowed.
Please protect ports used by ChromeDriver and related test frameworks to prevent access by malicious code.
[1569184820.050][WARNING]: This version of ChromeDriver has not been tested with Chrome version 77.
[1569184822.071][WARNING]: Timed out connecting to Chrome, retrying...
??? 22, 2019 11:40:24 PM org.openqa.selenium.remote.ProtocolHandshake createSession
INFO: Detected dialect: W3C
[1569184885.577][SEVERE]: Unable to receive message from renderer
]]></system-err>
</testsuite>
