<?xml version="1.0" encoding="UTF-8"?>
<testsuite name="SearchTests" tests="2" skipped="0" failures="0" errors="0" timestamp="2019-10-09T17:41:19" hostname="DESKTOP-IUD2MJC" time="15.232">
  <properties/>
  <testcase name="searchWikiTestJava" classname="SearchTests" time="11.097"/>
  <testcase name="searchWikiTestQA" classname="SearchTests" time="4.135"/>
  <system-out><![CDATA[]]></system-out>
  <system-err><![CDATA[Starting ChromeDriver 77.0.3865.40 (f484704e052e0b556f8030b65b953dce96503217-refs/branch-heads/3865@{#442}) on port 14917
Only local connections are allowed.
Please protect ports used by ChromeDriver and related test frameworks to prevent access by malicious code.
[1570642874.587][WARNING]: Timed out connecting to Chrome, retrying...
??? 09, 2019 8:41:16 PM org.openqa.selenium.remote.ProtocolHandshake createSession
INFO: Detected dialect: W3C
]]></system-err>
</testsuite>
